#
# There is insufficient memory for the Java Runtime Environment to continue.
# Native memory allocation (malloc) failed to allocate 32752 bytes. Error detail: Chunk::new
# Possible reasons:
#   The system is out of physical RAM or swap space
#   This process is running with CompressedOops enabled, and the Java Heap may be blocking the growth of the native heap
# Possible solutions:
#   Reduce memory load on the system
#   Increase physical memory or swap space
#   Check if swap backing store is full
#   Decrease Java heap size (-Xmx/-Xms)
#   Decrease number of Java threads
#   Decrease Java thread stack sizes (-Xss)
#   Set larger code cache with -XX:ReservedCodeCacheSize=
#   JVM is running with Zero Based Compressed Oops mode in which the Java heap is
#     placed in the first 32GB address space. The Java Heap base address is the
#     maximum limit for the native heap growth. Please use -XX:HeapBaseMinAddress
#     to set the Java Heap base and to place the Java Heap above 32GB virtual address.
# This output file may be truncated or incomplete.
#
#  Out of Memory Error (arena.cpp:186), pid=22548, tid=22844
#
# JRE version: Java(TM) SE Runtime Environment (25.0+37) (build 25+37-LTS-3491)
# Java VM: Java HotSpot(TM) 64-Bit Server VM (25+37-LTS-3491, mixed mode, sharing, tiered, compressed oops, compressed class ptrs, g1 gc, windows-amd64)
# No core dump will be written. Minidumps are not enabled by default on client versions of Windows
#

---------------  S U M M A R Y ------------

Command Line: -Dfile.encoding=UTF-8 -Dstdout.encoding=UTF-8 -Dstderr.encoding=UTF-8 -XX:+ShowCodeDetailsInExceptionMessages restvideogames.restsql.RestsqlApplication

Host: 12th Gen Intel(R) Core(TM) i5-12400, 12 cores, 15G,  Windows 11 , 64 bit Build 26100 (10.0.26100.7309)
Time: Tue Dec 16 20:14:00 2025 Hora estándar romance elapsed time: 82.577089 seconds (0d 0h 1m 22s)

---------------  T H R E A D  ---------------

Current thread (0x0000022c38a34a40):  JavaThread "C1 CompilerThread0" daemon [_thread_in_native, id=22844, stack(0x000000348ea00000,0x000000348eb00000) (1024K)]


Current CompileTask:
C1:82577 6757   !   3       java.util.concurrent.locks.AbstractQueuedSynchronizer::acquire (448 bytes)

Stack: [0x000000348ea00000,0x000000348eb00000]
Native frames: (J=compiled Java code, j=interpreted, Vv=VM code, C=native code)
V  [jvm.dll+0x7a6a39]  (no source info available)
V  [jvm.dll+0x7727ed]  (no source info available)
V  [jvm.dll+0x965f33]  (no source info available)
V  [jvm.dll+0x968531]  (no source info available)
V  [jvm.dll+0x968c33]  (no source info available)
V  [jvm.dll+0x2fc756]  (no source info available)
V  [jvm.dll+0x111b26]  (no source info available)
V  [jvm.dll+0x111e4e]  (no source info available)
V  [jvm.dll+0x203f1e]  (no source info available)
V  [jvm.dll+0x206291]  (no source info available)
V  [jvm.dll+0x205454]  (no source info available)
V  [jvm.dll+0x203108]  (no source info available)
V  [jvm.dll+0x1bedc7]  (no source info available)
V  [jvm.dll+0x1be58f]  (no source info available)
V  [jvm.dll+0x1be84e]  (no source info available)
V  [jvm.dll+0x1bdb91]  (no source info available)
V  [jvm.dll+0x1bfa0d]  (no source info available)
V  [jvm.dll+0x2cfb56]  (no source info available)
V  [jvm.dll+0x2cddd5]  (no source info available)
V  [jvm.dll+0x48e671]  (no source info available)
V  [jvm.dll+0x90681d]  (no source info available)
V  [jvm.dll+0x7a5015]  (no source info available)
C  [ucrtbase.dll+0x37b0]  (no source info available)
C  [KERNEL32.DLL+0x2e8d7]  (no source info available)
C  [ntdll.dll+0x8c53c]  (no source info available)

Lock stack of current Java thread (top to bottom):


---------------  P R O C E S S  ---------------

Threads class SMR info:
_java_thread_list=0x0000022c3de3fe60, length=28, elements={
0x0000022c35f42fb0, 0x0000022c35f43a10, 0x0000022c35f47080, 0x0000022c35f67c50,
0x0000022c35f6a950, 0x0000022c35f6b640, 0x0000022c38a22dc0, 0x0000022c38a34a40,
0x0000022c38b00110, 0x0000022c38b0b410, 0x0000022c3e294ab0, 0x0000022c3e295270,
0x0000022c35f14be0, 0x0000022c3fecac50, 0x0000022c3e096450, 0x0000022c41147620,
0x0000022c41147df0, 0x0000022c4114a500, 0x0000022c41146e50, 0x0000022c4114b4a0,
0x0000022c411485c0, 0x0000022c4114cc10, 0x0000022c4114d3e0, 0x0000022c4120cd10,
0x0000022c4120a600, 0x0000022c4120bd70, 0x0000022c4120e480, 0x0000022c4120b5a0
}

Java Threads: ( => current thread )
  0x0000022c35f42fb0 JavaThread "Reference Handler"          daemon [_thread_blocked, id=3304, stack(0x000000348e300000,0x000000348e400000) (1024K)]
  0x0000022c35f43a10 JavaThread "Finalizer"                  daemon [_thread_blocked, id=22788, stack(0x000000348e400000,0x000000348e500000) (1024K)]
  0x0000022c35f47080 JavaThread "Signal Dispatcher"          daemon [_thread_blocked, id=4708, stack(0x000000348e500000,0x000000348e600000) (1024K)]
  0x0000022c35f67c50 JavaThread "Attach Listener"            daemon [_thread_blocked, id=6396, stack(0x000000348e600000,0x000000348e700000) (1024K)]
  0x0000022c35f6a950 JavaThread "Service Thread"             daemon [_thread_blocked, id=22140, stack(0x000000348e700000,0x000000348e800000) (1024K)]
  0x0000022c35f6b640 JavaThread "Monitor Deflation Thread"   daemon [_thread_blocked, id=772, stack(0x000000348e800000,0x000000348e900000) (1024K)]
  0x0000022c38a22dc0 JavaThread "C2 CompilerThread0"         daemon [_thread_blocked, id=10544, stack(0x000000348e900000,0x000000348ea00000) (1024K)]
=>0x0000022c38a34a40 JavaThread "C1 CompilerThread0"         daemon [_thread_in_native, id=22844, stack(0x000000348ea00000,0x000000348eb00000) (1024K)]
  0x0000022c38b00110 JavaThread "Notification Thread"        daemon [_thread_blocked, id=23248, stack(0x000000348eb00000,0x000000348ec00000) (1024K)]
  0x0000022c38b0b410 JavaThread "Common-Cleaner"             daemon [_thread_blocked, id=22444, stack(0x000000348ec00000,0x000000348ed00000) (1024K)]
  0x0000022c3e294ab0 JavaThread "Catalina-utility-1"                [_thread_blocked, id=3300, stack(0x000000348fa00000,0x000000348fb00000) (1024K)]
  0x0000022c3e295270 JavaThread "Catalina-utility-2"                [_thread_blocked, id=20540, stack(0x000000348fb00000,0x000000348fc00000) (1024K)]
  0x0000022c35f14be0 JavaThread "container-0"                       [_thread_blocked, id=1860, stack(0x000000348fc00000,0x000000348fd00000) (1024K)]
  0x0000022c3fecac50 JavaThread "mysql-cj-abandoned-connection-cleanup" daemon [_thread_blocked, id=16252, stack(0x000000348fd00000,0x000000348fe00000) (1024K)]
  0x0000022c3e096450 JavaThread "HikariPool-1:housekeeper"   daemon [_thread_blocked, id=2564, stack(0x000000348ff00000,0x0000003490000000) (1024K)]
  0x0000022c41147620 JavaThread "http-nio-8080-exec-1"       daemon [_thread_blocked, id=23412, stack(0x0000003490100000,0x0000003490200000) (1024K)]
  0x0000022c41147df0 JavaThread "http-nio-8080-exec-2"       daemon [_thread_blocked, id=21536, stack(0x0000003490200000,0x0000003490300000) (1024K)]
  0x0000022c4114a500 JavaThread "http-nio-8080-exec-3"       daemon [_thread_blocked, id=17092, stack(0x0000003490300000,0x0000003490400000) (1024K)]
  0x0000022c41146e50 JavaThread "http-nio-8080-exec-4"       daemon [_thread_blocked, id=21584, stack(0x0000003490400000,0x0000003490500000) (1024K)]
  0x0000022c4114b4a0 JavaThread "http-nio-8080-exec-5"       daemon [_thread_blocked, id=18016, stack(0x0000003490500000,0x0000003490600000) (1024K)]
  0x0000022c411485c0 JavaThread "http-nio-8080-exec-6"       daemon [_thread_blocked, id=10708, stack(0x0000003490600000,0x0000003490700000) (1024K)]
  0x0000022c4114cc10 JavaThread "http-nio-8080-exec-7"       daemon [_thread_blocked, id=22608, stack(0x0000003490700000,0x0000003490800000) (1024K)]
  0x0000022c4114d3e0 JavaThread "http-nio-8080-exec-8"       daemon [_thread_blocked, id=22684, stack(0x0000003490800000,0x0000003490900000) (1024K)]
  0x0000022c4120cd10 JavaThread "http-nio-8080-exec-9"       daemon [_thread_blocked, id=9768, stack(0x0000003490900000,0x0000003490a00000) (1024K)]
  0x0000022c4120a600 JavaThread "http-nio-8080-exec-10"      daemon [_thread_blocked, id=12396, stack(0x0000003490a00000,0x0000003490b00000) (1024K)]
  0x0000022c4120bd70 JavaThread "http-nio-8080-Poller"       daemon [_thread_in_native, id=5980, stack(0x0000003490b00000,0x0000003490c00000) (1024K)]
  0x0000022c4120e480 JavaThread "http-nio-8080-Acceptor"     daemon [_thread_in_native, id=9240, stack(0x0000003490c00000,0x0000003490d00000) (1024K)]
  0x0000022c4120b5a0 JavaThread "DestroyJavaVM"                     [_thread_blocked, id=16824, stack(0x000000348db00000,0x000000348dc00000) (1024K)]
Total: 28

Other Threads:
  0x0000022c35f28ce0 VMThread "VM Thread"                           [id=1828, stack(0x000000348e200000,0x000000348e300000) (1024K)]
  0x0000022c35f18d00 WatcherThread "VM Periodic Task Thread"        [id=20196, stack(0x000000348e100000,0x000000348e200000) (1024K)]
  0x0000022c19220d10 WorkerThread "GC Thread#0"                     [id=23012, stack(0x000000348dc00000,0x000000348dd00000) (1024K)]
  0x0000022c3dcc9440 WorkerThread "GC Thread#1"                     [id=20424, stack(0x000000348ef00000,0x000000348f000000) (1024K)]
  0x0000022c3dcc9ce0 WorkerThread "GC Thread#2"                     [id=3276, stack(0x000000348f000000,0x000000348f100000) (1024K)]
  0x0000022c3dcc7eb0 WorkerThread "GC Thread#3"                     [id=22328, stack(0x000000348f100000,0x000000348f200000) (1024K)]
  0x0000022c3dcca130 WorkerThread "GC Thread#4"                     [id=17308, stack(0x000000348f200000,0x000000348f300000) (1024K)]
  0x0000022c3dccae20 WorkerThread "GC Thread#5"                     [id=7848, stack(0x000000348f300000,0x000000348f400000) (1024K)]
  0x0000022c3dccb270 WorkerThread "GC Thread#6"                     [id=22664, stack(0x000000348f400000,0x000000348f500000) (1024K)]
  0x0000022c3f0e7ed0 WorkerThread "GC Thread#7"                     [id=14016, stack(0x000000348ee00000,0x000000348ef00000) (1024K)]
  0x0000022c3f0e7630 WorkerThread "GC Thread#8"                     [id=22060, stack(0x000000348f600000,0x000000348f700000) (1024K)]
  0x0000022c3f0e9010 WorkerThread "GC Thread#9"                     [id=12608, stack(0x000000348f700000,0x000000348f800000) (1024K)]
  0x0000022c35db3720 ConcurrentGCThread "G1 Main Marker"            [id=19256, stack(0x000000348dd00000,0x000000348de00000) (1024K)]
  0x0000022c192360c0 WorkerThread "G1 Conc#0"                       [id=21236, stack(0x000000348de00000,0x000000348df00000) (1024K)]
  0x0000022c3f0e6d90 WorkerThread "G1 Conc#1"                       [id=16956, stack(0x000000348f800000,0x000000348f900000) (1024K)]
  0x0000022c3f0e9460 WorkerThread "G1 Conc#2"                       [id=14864, stack(0x000000348f900000,0x000000348fa00000) (1024K)]
  0x0000022c35ddd690 ConcurrentGCThread "G1 Refine#0"               [id=6468, stack(0x000000348df00000,0x000000348e000000) (1024K)]
  0x0000022c35dde2a0 ConcurrentGCThread "G1 Service"                [id=22716, stack(0x000000348e000000,0x000000348e100000) (1024K)]
Total: 18

Threads with active compile tasks:
C1 CompilerThread0  83608 6757   !   3       java.util.concurrent.locks.AbstractQueuedSynchronizer::acquire (448 bytes)
Total: 1

VM state: not at safepoint (normal execution)

VM Mutex/Monitor currently owned by a thread: None

Heap address: 0x0000000703800000, size: 4040 MB, Compressed Oops mode: Zero based, Oop shift amount: 3

CDS archive(s) mapped at: [0x0000000016000000-0x0000000016dd0000-0x0000000016dd0000), size 14483456, SharedBaseAddress: 0x0000000016000000, ArchiveRelocationMode: 1.
Compressed class space mapped at: 0x0000000017000000-0x0000000057000000, reserved size: 1073741824
UseCompressedClassPointers 1, UseCompactObjectHeaders 0
Narrow klass pointer bits 32, Max shift 3
Narrow klass base: 0x0000000016000000, Narrow klass shift: 0
Encoding Range: [0x0000000016000000 - 0x0000000116000000), (4294967296 bytes)
Klass Range:    [0x0000000016010000 - 0x0000000057000000), (1090453504 bytes)
Klass ID Range:  [65536 - 1090519033) (1090453497)
Protection zone: [0x0000000016000000 - 0x0000000016010000), (65536 bytes)

GC Precious Log:
 CardTable entry size: 512
 Card Set container configuration: InlinePtr #cards 4 size 8 Array Of Cards #cards 16 size 48 Howl #buckets 8 coarsen threshold 3686 Howl Bitmap #cards 512 size 80 coarsen threshold 460 Card regions per heap region 1 cards per card region 4096
 CPUs: 12 total, 12 available
 Memory: 16154M
 Large Page Support: Disabled
 NUMA Support: Disabled
 Compressed Oops: Enabled (Zero based)
 Heap Region Size: 2M
 Heap Min Capacity: 8M
 Heap Initial Capacity: 254M
 Heap Max Capacity: 4040M
 Pre-touch: Disabled
 Parallel Workers: 10
 Concurrent Workers: 3
 Concurrent Refinement Workers: 10
 Periodic GC: Disabled

Heap:
 garbage-first heap   total reserved 4136960K, committed 77824K, used 37851K [0x0000000703800000, 0x0000000800000000)
  region size 2048K, 8 young (16384K), 3 survivors (6144K)

Heap Regions: E=young(eden), S=young(survivor), O=old, HS=humongous(starts), HC=humongous(continues), CS=collection set, F=free, TAMS=top-at-mark-start, PB=parsable bottom
|   0|0x0000000703800000, 0x0000000703a00000, 0x0000000703a00000|100%| O|  |TAMS 0x0000000703800000| PB 0x0000000703800000| Untracked |  0
|   1|0x0000000703a00000, 0x0000000703a00000, 0x0000000703c00000|  0%| F|  |TAMS 0x0000000703a00000| PB 0x0000000703a00000| Untracked |  0
|   2|0x0000000703c00000, 0x0000000703e00000, 0x0000000703e00000|100%| O|  |TAMS 0x0000000703c00000| PB 0x0000000703c00000| Untracked |  0
|   3|0x0000000703e00000, 0x0000000704000000, 0x0000000704000000|100%| O|  |TAMS 0x0000000703e00000| PB 0x0000000703e00000| Untracked |  0
|   4|0x0000000704000000, 0x0000000704200000, 0x0000000704200000|100%| O|  |TAMS 0x0000000704000000| PB 0x0000000704000000| Untracked |  0
|   5|0x0000000704200000, 0x0000000704400000, 0x0000000704400000|100%| O|  |TAMS 0x0000000704200000| PB 0x0000000704200000| Untracked |  0
|   6|0x0000000704400000, 0x0000000704600000, 0x0000000704600000|100%| O|Cm|TAMS 0x0000000704400000| PB 0x0000000704400000| Complete |  0
|   7|0x0000000704600000, 0x0000000704800000, 0x0000000704800000|100%| O|  |TAMS 0x0000000704600000| PB 0x0000000704600000| Untracked |  0
|   8|0x0000000704800000, 0x0000000704a00000, 0x0000000704a00000|100%| O|  |TAMS 0x0000000704800000| PB 0x0000000704800000| Untracked |  0
|   9|0x0000000704a00000, 0x0000000704bced40, 0x0000000704c00000| 90%| O|  |TAMS 0x0000000704a00000| PB 0x0000000704a00000| Untracked |  0
|  10|0x0000000704c00000, 0x0000000704c00000, 0x0000000704e00000|  0%| F|  |TAMS 0x0000000704c00000| PB 0x0000000704c00000| Untracked |  0
|  11|0x0000000704e00000, 0x0000000704e00000, 0x0000000705000000|  0%| F|  |TAMS 0x0000000704e00000| PB 0x0000000704e00000| Untracked |  0
|  12|0x0000000705000000, 0x0000000705127f80, 0x0000000705200000| 57%| S|CS|TAMS 0x0000000705000000| PB 0x0000000705000000| Complete |  0
|  13|0x0000000705200000, 0x0000000705400000, 0x0000000705400000|100%| S|CS|TAMS 0x0000000705200000| PB 0x0000000705200000| Complete |  0
|  14|0x0000000705400000, 0x0000000705600000, 0x0000000705600000|100%| S|CS|TAMS 0x0000000705400000| PB 0x0000000705400000| Complete |  0
|  15|0x0000000705600000, 0x0000000705600000, 0x0000000705800000|  0%| F|  |TAMS 0x0000000705600000| PB 0x0000000705600000| Untracked |  0
|  16|0x0000000705800000, 0x0000000705800000, 0x0000000705a00000|  0%| F|  |TAMS 0x0000000705800000| PB 0x0000000705800000| Untracked |  0
|  17|0x0000000705a00000, 0x0000000705a00000, 0x0000000705c00000|  0%| F|  |TAMS 0x0000000705a00000| PB 0x0000000705a00000| Untracked |  0
|  18|0x0000000705c00000, 0x0000000705c00000, 0x0000000705e00000|  0%| F|  |TAMS 0x0000000705c00000| PB 0x0000000705c00000| Untracked |  0
|  19|0x0000000705e00000, 0x0000000705e00000, 0x0000000706000000|  0%| F|  |TAMS 0x0000000705e00000| PB 0x0000000705e00000| Untracked |  0
|  20|0x0000000706000000, 0x0000000706000000, 0x0000000706200000|  0%| F|  |TAMS 0x0000000706000000| PB 0x0000000706000000| Untracked |  0
|  21|0x0000000706200000, 0x0000000706200000, 0x0000000706400000|  0%| F|  |TAMS 0x0000000706200000| PB 0x0000000706200000| Untracked |  0
|  22|0x0000000706400000, 0x0000000706400000, 0x0000000706600000|  0%| F|  |TAMS 0x0000000706400000| PB 0x0000000706400000| Untracked |  0
|  23|0x0000000706600000, 0x0000000706600000, 0x0000000706800000|  0%| F|  |TAMS 0x0000000706600000| PB 0x0000000706600000| Untracked |  0
|  24|0x0000000706800000, 0x0000000706800000, 0x0000000706a00000|  0%| F|  |TAMS 0x0000000706800000| PB 0x0000000706800000| Untracked |  0
|  25|0x0000000706a00000, 0x0000000706a00000, 0x0000000706c00000|  0%| F|  |TAMS 0x0000000706a00000| PB 0x0000000706a00000| Untracked |  0
|  26|0x0000000706c00000, 0x0000000706c00000, 0x0000000706e00000|  0%| F|  |TAMS 0x0000000706c00000| PB 0x0000000706c00000| Untracked |  0
|  95|0x000000070f600000, 0x000000070f600000, 0x000000070f800000|  0%| F|  |TAMS 0x000000070f600000| PB 0x000000070f600000| Untracked |  0
|  96|0x000000070f800000, 0x000000070f800000, 0x000000070fa00000|  0%| F|  |TAMS 0x000000070f800000| PB 0x000000070f800000| Untracked |  0
|  97|0x000000070fa00000, 0x000000070fa00000, 0x000000070fc00000|  0%| F|  |TAMS 0x000000070fa00000| PB 0x000000070fa00000| Untracked |  0
|  98|0x000000070fc00000, 0x000000070fd83f50, 0x000000070fe00000| 75%| E|  |TAMS 0x000000070fc00000| PB 0x000000070fc00000| Complete |  0
|  99|0x000000070fe00000, 0x0000000710000000, 0x0000000710000000|100%| E|CS|TAMS 0x000000070fe00000| PB 0x000000070fe00000| Complete |  0
| 103|0x0000000710600000, 0x0000000710800000, 0x0000000710800000|100%| E|CS|TAMS 0x0000000710600000| PB 0x0000000710600000| Complete |  0
| 126|0x0000000713400000, 0x0000000713600000, 0x0000000713600000|100%| E|CS|TAMS 0x0000000713400000| PB 0x0000000713400000| Complete |  0
|2016|0x00000007ff800000, 0x00000007ffa00000, 0x00000007ffa00000|100%| O|  |TAMS 0x00000007ff800000| PB 0x00000007ff800000| Untracked |  0
|2017|0x00000007ffa00000, 0x00000007ffc00000, 0x00000007ffc00000|100%| O|  |TAMS 0x00000007ffa00000| PB 0x00000007ffa00000| Untracked |  0
|2018|0x00000007ffc00000, 0x00000007ffe00000, 0x00000007ffe00000|100%| O|  |TAMS 0x00000007ffc00000| PB 0x00000007ffc00000| Untracked |  0
|2019|0x00000007ffe00000, 0x0000000800000000, 0x0000000800000000|100%| E|CS|TAMS 0x00000007ffe00000| PB 0x00000007ffe00000| Complete |  0

Card table byte_map: [0x0000022c31660000,0x0000022c31e50000] _byte_map_base: 0x0000022c2de44000

Marking Bits: (CMBitMap*) 0x0000022c192214a0
 Bits: [0x0000022c31e50000, 0x0000022c35d70000)

Polling page: 0x0000022c16f00000

Metaspace:
Metaspace        used 67198K, committed 67712K, reserved 1114112K
 class space     used 7136K, committed 7360K, reserved 1048576K

Usage:
  Non-class:     58.65 MB used.
      Class:      6.97 MB used.
       Both:     65.62 MB used.

Virtual space:
  Non-class space:       64.00 MB reserved,      58.94 MB ( 92%) committed,  1 nodes.
      Class space:        1.00 GB reserved,       7.19 MB ( <1%) committed,  1 nodes.
             Both:        1.06 GB reserved,      66.12 MB (  6%) committed. 

Chunk freelists:
   Non-Class:  4.78 MB
       Class:  8.64 MB
        Both:  13.42 MB

MaxMetaspaceSize: unlimited
CompressedClassSpaceSize: 1.00 GB
Initial GC threshold: 21.00 MB
Current GC threshold: 99.94 MB
CDS: on
 - commit_granule_bytes: 65536.
 - commit_granule_words: 8192.
 - virtual_space_node_default_size: 8388608.
 - enlarge_chunks_in_place: 1.
UseCompressedClassPointers 1, UseCompactObjectHeaders 0
Narrow klass pointer bits 32, Max shift 3
Narrow klass base: 0x0000000016000000, Narrow klass shift: 0
Encoding Range: [0x0000000016000000 - 0x0000000116000000), (4294967296 bytes)
Klass Range:    [0x0000000016010000 - 0x0000000057000000), (1090453504 bytes)
Klass ID Range:  [65536 - 1090519033) (1090453497)
Protection zone: [0x0000000016000000 - 0x0000000016010000), (65536 bytes)


Internal statistics:

num_allocs_failed_limit: 15.
num_arena_births: 620.
num_arena_deaths: 0.
num_vsnodes_births: 2.
num_vsnodes_deaths: 0.
num_space_committed: 1058.
num_space_uncommitted: 0.
num_chunks_returned_to_freelist: 15.
num_chunks_taken_from_freelist: 2900.
num_chunk_merges: 15.
num_chunk_splits: 2130.
num_chunks_enlarged: 1762.
num_inconsistent_stats: 0.

CodeHeap 'non-profiled nmethods': size=120064Kb used=2851Kb max_used=2851Kb free=117213Kb
 bounds [0x0000022c294f0000, 0x0000022c297c0000, 0x0000022c30a30000]
CodeHeap 'profiled nmethods': size=120000Kb used=9341Kb max_used=9341Kb free=110659Kb
 bounds [0x0000022c21a30000, 0x0000022c22350000, 0x0000022c28f60000]
CodeHeap 'non-nmethods': size=5696Kb used=1631Kb max_used=1759Kb free=4065Kb
 bounds [0x0000022c28f60000, 0x0000022c291d0000, 0x0000022c294f0000]
CodeCache: size=245760Kb, used=13823Kb, max_used=13951Kb, free=231937Kb
 total_blobs=6709, nmethods=5962, adapters=650, full_count=0
Compilation: enabled, stopped_count=0, restarted_count=0

Compilation events (20 events):
Event: 62.587 Thread 0x0000022c38a34a40 nmethod 6743 0x0000022c2234ca08 code [0x0000022c2234cb00, 0x0000022c2234cee8]
Event: 70.574 Thread 0x0000022c38a34a40 6744       3       java.util.concurrent.locks.AbstractQueuedSynchronizer$ConditionNode::isReleasable (23 bytes)
Event: 70.574 Thread 0x0000022c38a34a40 nmethod 6744 0x0000022c2234cf08 code [0x0000022c2234d000, 0x0000022c2234d240]
Event: 71.682 Thread 0x0000022c38a34a40 6745       3       java.util.concurrent.locks.AbstractQueuedLongSynchronizer::signalNext (34 bytes)
Event: 71.682 Thread 0x0000022c38a34a40 nmethod 6745 0x0000022c2234d288 code [0x0000022c2234d380, 0x0000022c2234dcf0]
Event: 71.682 Thread 0x0000022c38a34a40 6746       1       org.apache.catalina.LifecycleEvent::getType (5 bytes)
Event: 71.682 Thread 0x0000022c38a34a40 nmethod 6746 0x0000022c297b8908 code [0x0000022c297b8a00, 0x0000022c297b8ac8]
Event: 72.574 Thread 0x0000022c38a34a40 6747       3       java.util.concurrent.ScheduledThreadPoolExecutor$ScheduledFutureTask::getDelay (16 bytes)
Event: 72.574 Thread 0x0000022c38a34a40 nmethod 6747 0x0000022c2234dd08 code [0x0000022c2234de00, 0x0000022c2234e010]
Event: 75.574 Thread 0x0000022c38a34a40 6748       3       java.util.concurrent.locks.AbstractQueuedSynchronizer$Node::<init> (5 bytes)
Event: 75.574 Thread 0x0000022c38a34a40 nmethod 6748 0x0000022c2234e088 code [0x0000022c2234e180, 0x0000022c2234e2e0]
Event: 76.574 Thread 0x0000022c38a34a40 6749       3       java.util.concurrent.ThreadPoolExecutor::workerCountOf (5 bytes)
Event: 76.574 Thread 0x0000022c38a34a40 nmethod 6749 0x0000022c2234e388 code [0x0000022c2234e480, 0x0000022c2234e570]
Event: 78.573 Thread 0x0000022c38a34a40 6750       3       java.util.concurrent.locks.AbstractQueuedSynchronizer$Node::clearStatus (12 bytes)
Event: 78.573 Thread 0x0000022c38a34a40 nmethod 6750 0x0000022c2234e688 code [0x0000022c2234e780, 0x0000022c2234e9b0]
Event: 78.573 Thread 0x0000022c38a34a40 6751       3       jdk.internal.misc.Unsafe::putIntOpaque (9 bytes)
Event: 78.573 Thread 0x0000022c38a34a40 nmethod 6751 0x0000022c2234ea08 code [0x0000022c2234eb00, 0x0000022c2234ec10]
Event: 80.573 Thread 0x0000022c38a34a40 6752   !   3       java.util.concurrent.locks.AbstractQueuedSynchronizer::tryInitializeHead (66 bytes)
Event: 80.574 Thread 0x0000022c38a34a40 nmethod 6752 0x0000022c2234ed08 code [0x0000022c2234ee00, 0x0000022c2234f3a0]
Event: 80.574 Thread 0x0000022c38a34a40 6757   !   3       java.util.concurrent.locks.AbstractQueuedSynchronizer::acquire (448 bytes)

GC Heap Usage History (18 events):
Event: 0.601 {heap Before GC invocations=0 (full 0):
 garbage-first heap   total reserved 4136960K, committed 262144K, used 48277K [0x0000000703800000, 0x0000000800000000)
  region size 2048K, 24 young (49152K), 0 survivors (0K)
}
Event: 0.605 {heap After GC invocations=1 (full 0):
 garbage-first heap   total reserved 4136960K, committed 262144K, used 10490K [0x0000000703800000, 0x0000000800000000)
  region size 2048K, 3 young (6144K), 3 survivors (6144K)
}
Event: 1.018 {heap Before GC invocations=1 (full 0):
 garbage-first heap   total reserved 4136960K, committed 262144K, used 55546K [0x0000000703800000, 0x0000000800000000)
  region size 2048K, 26 young (53248K), 3 survivors (6144K)
}
Event: 1.022 {heap After GC invocations=2 (full 0):
 garbage-first heap   total reserved 4136960K, committed 262144K, used 15716K [0x0000000703800000, 0x0000000800000000)
  region size 2048K, 6 young (12288K), 6 survivors (12288K)
}
Event: 1.607 {heap Before GC invocations=3 (full 0):
 garbage-first heap   total reserved 4136960K, committed 61440K, used 58724K [0x0000000703800000, 0x0000000800000000)
  region size 2048K, 27 young (55296K), 6 survivors (12288K)
}
Event: 1.614 {heap After GC invocations=4 (full 0):
 garbage-first heap   total reserved 4136960K, committed 77824K, used 19466K [0x0000000703800000, 0x0000000800000000)
  region size 2048K, 5 young (10240K), 5 survivors (10240K)
}
Event: 1.990 {heap Before GC invocations=4 (full 0):
 garbage-first heap   total reserved 4136960K, committed 77824K, used 50186K [0x0000000703800000, 0x0000000800000000)
  region size 2048K, 21 young (43008K), 5 survivors (10240K)
}
Event: 1.998 {heap After GC invocations=5 (full 0):
 garbage-first heap   total reserved 4136960K, committed 77824K, used 21783K [0x0000000703800000, 0x0000000800000000)
  region size 2048K, 2 young (4096K), 2 survivors (4096K)
}
Event: 2.012 {heap Before GC invocations=5 (full 0):
 garbage-first heap   total reserved 4136960K, committed 77824K, used 21783K [0x0000000703800000, 0x0000000800000000)
  region size 2048K, 3 young (6144K), 2 survivors (4096K)
}
Event: 2.014 {heap After GC invocations=6 (full 0):
 garbage-first heap   total reserved 4136960K, committed 77824K, used 21420K [0x0000000703800000, 0x0000000800000000)
  region size 2048K, 2 young (4096K), 2 survivors (4096K)
}
Event: 2.639 {heap Before GC invocations=7 (full 0):
 garbage-first heap   total reserved 4136960K, committed 77824K, used 58284K [0x0000000703800000, 0x0000000800000000)
  region size 2048K, 20 young (40960K), 2 survivors (4096K)
}
Event: 2.642 {heap After GC invocations=8 (full 0):
 garbage-first heap   total reserved 4136960K, committed 77824K, used 24655K [0x0000000703800000, 0x0000000800000000)
  region size 2048K, 3 young (6144K), 3 survivors (6144K)
}
Event: 3.040 {heap Before GC invocations=8 (full 0):
 garbage-first heap   total reserved 4136960K, committed 77824K, used 55375K [0x0000000703800000, 0x0000000800000000)
  region size 2048K, 20 young (40960K), 3 survivors (6144K)
}
Event: 3.045 {heap After GC invocations=9 (full 0):
 garbage-first heap   total reserved 4136960K, committed 77824K, used 26378K [0x0000000703800000, 0x0000000800000000)
  region size 2048K, 1 young (2048K), 1 survivors (2048K)
}
Event: 3.060 {heap Before GC invocations=9 (full 0):
 garbage-first heap   total reserved 4136960K, committed 77824K, used 26378K [0x0000000703800000, 0x0000000800000000)
  region size 2048K, 2 young (4096K), 1 survivors (2048K)
}
Event: 3.061 {heap After GC invocations=10 (full 0):
 garbage-first heap   total reserved 4136960K, committed 77824K, used 26427K [0x0000000703800000, 0x0000000800000000)
  region size 2048K, 1 young (2048K), 1 survivors (2048K)
}
Event: 3.510 {heap Before GC invocations=11 (full 0):
 garbage-first heap   total reserved 4136960K, committed 77824K, used 63291K [0x0000000703800000, 0x0000000800000000)
  region size 2048K, 20 young (40960K), 1 survivors (2048K)
}
Event: 3.514 {heap After GC invocations=12 (full 0):
 garbage-first heap   total reserved 4136960K, committed 77824K, used 29659K [0x0000000703800000, 0x0000000800000000)
  region size 2048K, 3 young (6144K), 3 survivors (6144K)
}

Metaspace Usage History (18 events):
Event: 0.601 {metaspace Before GC invocations=0 (full 0):
 Metaspace       used 12726K, committed 12928K, reserved 1114112K
  class space    used 1218K, committed 1280K, reserved 1048576K
}
Event: 0.605 {metaspace After GC invocations=1 (full 0):
 Metaspace       used 12726K, committed 12928K, reserved 1114112K
  class space    used 1218K, committed 1280K, reserved 1048576K
}
Event: 1.018 {metaspace Before GC invocations=1 (full 0):
 Metaspace       used 21224K, committed 21504K, reserved 1114112K
  class space    used 2032K, committed 2176K, reserved 1048576K
}
Event: 1.022 {metaspace After GC invocations=2 (full 0):
 Metaspace       used 21224K, committed 21504K, reserved 1114112K
  class space    used 2032K, committed 2176K, reserved 1048576K
}
Event: 1.607 {metaspace Before GC invocations=3 (full 0):
 Metaspace       used 28995K, committed 29312K, reserved 1114112K
  class space    used 2921K, committed 3072K, reserved 1048576K
}
Event: 1.614 {metaspace After GC invocations=4 (full 0):
 Metaspace       used 28995K, committed 29312K, reserved 1114112K
  class space    used 2921K, committed 3072K, reserved 1048576K
}
Event: 1.990 {metaspace Before GC invocations=4 (full 0):
 Metaspace       used 35589K, committed 35968K, reserved 1114112K
  class space    used 3718K, committed 3904K, reserved 1048576K
}
Event: 1.998 {metaspace After GC invocations=5 (full 0):
 Metaspace       used 35589K, committed 35968K, reserved 1114112K
  class space    used 3718K, committed 3904K, reserved 1048576K
}
Event: 2.012 {metaspace Before GC invocations=5 (full 0):
 Metaspace       used 35945K, committed 36288K, reserved 1114112K
  class space    used 3744K, committed 3904K, reserved 1048576K
}
Event: 2.014 {metaspace After GC invocations=6 (full 0):
 Metaspace       used 35945K, committed 36288K, reserved 1114112K
  class space    used 3744K, committed 3904K, reserved 1048576K
}
Event: 2.639 {metaspace Before GC invocations=7 (full 0):
 Metaspace       used 49960K, committed 50304K, reserved 1114112K
  class space    used 5172K, committed 5312K, reserved 1048576K
}
Event: 2.642 {metaspace After GC invocations=8 (full 0):
 Metaspace       used 49960K, committed 50304K, reserved 1114112K
  class space    used 5172K, committed 5312K, reserved 1048576K
}
Event: 3.040 {metaspace Before GC invocations=8 (full 0):
 Metaspace       used 60314K, committed 60736K, reserved 1114112K
  class space    used 6321K, committed 6528K, reserved 1048576K
}
Event: 3.045 {metaspace After GC invocations=9 (full 0):
 Metaspace       used 60314K, committed 60736K, reserved 1114112K
  class space    used 6321K, committed 6528K, reserved 1048576K
}
Event: 3.060 {metaspace Before GC invocations=9 (full 0):
 Metaspace       used 60680K, committed 61056K, reserved 1114112K
  class space    used 6368K, committed 6528K, reserved 1048576K
}
Event: 3.061 {metaspace After GC invocations=10 (full 0):
 Metaspace       used 60680K, committed 61056K, reserved 1114112K
  class space    used 6368K, committed 6528K, reserved 1048576K
}
Event: 3.510 {metaspace Before GC invocations=11 (full 0):
 Metaspace       used 66480K, committed 66944K, reserved 1114112K
  class space    used 7054K, committed 7232K, reserved 1048576K
}
Event: 3.514 {metaspace After GC invocations=12 (full 0):
 Metaspace       used 66480K, committed 66944K, reserved 1114112K
  class space    used 7054K, committed 7232K, reserved 1048576K
}

Dll operation events (9 events):
Event: 0.008 Loaded shared library C:\Program Files\Java\jdk-25\bin\java.dll
Event: 0.058 Loaded shared library C:\Program Files\Java\jdk-25\bin\net.dll
Event: 0.060 Loaded shared library C:\Program Files\Java\jdk-25\bin\nio.dll
Event: 0.062 Loaded shared library C:\Program Files\Java\jdk-25\bin\zip.dll
Event: 0.136 Loaded shared library C:\Program Files\Java\jdk-25\bin\jimage.dll
Event: 0.689 Loaded shared library C:\Program Files\Java\jdk-25\bin\sunmscapi.dll
Event: 1.553 Loaded shared library C:\Program Files\Java\jdk-25\bin\management.dll
Event: 1.555 Loaded shared library C:\Program Files\Java\jdk-25\bin\management_ext.dll
Event: 2.260 Loaded shared library C:\Program Files\Java\jdk-25\bin\extnet.dll

Deoptimization events (20 events):
Event: 3.554 Thread 0x0000022c16c9e3f0 DEOPT PACKING pc=0x0000022c29546a5c sp=0x000000348dbfede0
Event: 3.554 Thread 0x0000022c16c9e3f0 DEOPT UNPACKING pc=0x0000022c29080802 sp=0x000000348dbfed70 mode 2
Event: 3.568 Thread 0x0000022c16c9e3f0 DEOPT PACKING pc=0x0000022c21a33a58 sp=0x000000348dbfd8f0
Event: 3.568 Thread 0x0000022c16c9e3f0 DEOPT UNPACKING pc=0x0000022c28fb1702 sp=0x000000348dbfcd68 mode 0
Event: 3.575 Thread 0x0000022c16c9e3f0 Uncommon trap: trap_request=0xffffff45 fr.pc=0x0000022c2966b98c relative=0x000000000000010c
Event: 3.575 Thread 0x0000022c16c9e3f0 Uncommon trap: reason=unstable_if action=reinterpret pc=0x0000022c2966b98c method=java.util.ArrayList.indexOfRange(Ljava/lang/Object;II)I @ 7 c2
Event: 3.575 Thread 0x0000022c16c9e3f0 DEOPT PACKING pc=0x0000022c2966b98c sp=0x000000348dbfebb0
Event: 3.575 Thread 0x0000022c16c9e3f0 DEOPT UNPACKING pc=0x0000022c29080802 sp=0x000000348dbfea70 mode 2
Event: 3.575 Thread 0x0000022c16c9e3f0 Uncommon trap: trap_request=0xffffff45 fr.pc=0x0000022c29732cf8 relative=0x00000000000000f8
Event: 3.575 Thread 0x0000022c16c9e3f0 Uncommon trap: reason=unstable_if action=reinterpret pc=0x0000022c29732cf8 method=java.util.ArrayList.indexOfRange(Ljava/lang/Object;II)I @ 7 c2
Event: 3.575 Thread 0x0000022c16c9e3f0 DEOPT PACKING pc=0x0000022c29732cf8 sp=0x000000348dbfead0
Event: 3.575 Thread 0x0000022c16c9e3f0 DEOPT UNPACKING pc=0x0000022c29080802 sp=0x000000348dbfea70 mode 2
Event: 3.577 Thread 0x0000022c16c9e3f0 Uncommon trap: trap_request=0xffffffc6 fr.pc=0x0000022c296d1a74 relative=0x0000000000000a74
Event: 3.577 Thread 0x0000022c16c9e3f0 Uncommon trap: reason=bimorphic_or_optimized_type_check action=maybe_recompile pc=0x0000022c296d1a74 method=java.util.Collections$SetFromMap.add(Ljava/lang/Object;)Z @ 8 c2
Event: 3.577 Thread 0x0000022c16c9e3f0 DEOPT PACKING pc=0x0000022c296d1a74 sp=0x000000348dbfe310
Event: 3.577 Thread 0x0000022c16c9e3f0 DEOPT UNPACKING pc=0x0000022c29080802 sp=0x000000348dbfe2f0 mode 2
Event: 6.587 Thread 0x0000022c3e294ab0 Uncommon trap: trap_request=0xffffff45 fr.pc=0x0000022c29680a80 relative=0x0000000000000100
Event: 6.587 Thread 0x0000022c3e294ab0 Uncommon trap: reason=unstable_if action=reinterpret pc=0x0000022c29680a80 method=java.util.concurrent.locks.ReentrantLock$Sync.lock()V @ 4 c2
Event: 6.587 Thread 0x0000022c3e294ab0 DEOPT PACKING pc=0x0000022c29680a80 sp=0x000000348fafed20
Event: 6.587 Thread 0x0000022c3e294ab0 DEOPT UNPACKING pc=0x0000022c29080802 sp=0x000000348fafec50 mode 2

Classes loaded (20 events):
Event: 3.565 Loading class sun/nio/ch/UnixDomainSocketsUtil
Event: 3.565 Loading class sun/nio/ch/UnixDomainSocketsUtil done
Event: 3.570 Loading class java/nio/BufferMismatch
Event: 3.570 Loading class java/nio/BufferMismatch done
Event: 3.570 Loading class sun/nio/ch/SourceChannelImpl
Event: 3.570 Loading class java/nio/channels/Pipe$SourceChannel
Event: 3.570 Loading class java/nio/channels/Pipe$SourceChannel done
Event: 3.570 Loading class sun/nio/ch/SourceChannelImpl done
Event: 3.570 Loading class sun/nio/ch/SinkChannelImpl
Event: 3.570 Loading class java/nio/channels/Pipe$SinkChannel
Event: 3.570 Loading class java/nio/channels/Pipe$SinkChannel done
Event: 3.570 Loading class sun/nio/ch/SinkChannelImpl done
Event: 3.573 Loading class java/util/TreeMap$ValueSpliterator
Event: 3.573 Loading class java/util/TreeMap$TreeMapSpliterator
Event: 3.573 Loading class java/util/TreeMap$TreeMapSpliterator done
Event: 3.573 Loading class java/util/TreeMap$ValueSpliterator done
Event: 3.581 Loading class java/util/IdentityHashMap$KeySpliterator
Event: 3.581 Loading class java/util/IdentityHashMap$IdentityHashMapSpliterator
Event: 3.581 Loading class java/util/IdentityHashMap$IdentityHashMapSpliterator done
Event: 3.581 Loading class java/util/IdentityHashMap$KeySpliterator done

Classes unloaded (0 events):
No events

Classes redefined (0 events):
No events

Internal exceptions (20 events):
Event: 3.051 Thread 0x0000022c16c9e3f0 Exception <a 'java/lang/NoSuchMethodError'{0x00000007ffea7800}: 'void java.lang.invoke.DirectMethodHandle$Holder.invokeSpecial(java.lang.Object, java.lang.Object, java.lang.Object, java.lang.Object, java.lang.Object, int, java.lang.Object, java.lang.Object)'> (0x00000007ffea7800) 
thrown [s\open\src\hotspot\share\interpreter\linkResolver.cpp, line 804]
Event: 3.053 Thread 0x0000022c16c9e3f0 Exception <a 'java/lang/NoSuchMethodError'{0x00000007ffeedb50}: 'java.lang.Object java.lang.invoke.Invokers$Holder.linkToTargetMethod(java.lang.Object, java.lang.Object, java.lang.Object, java.lang.Object, java.lang.Object, java.lang.Object, java.lang.Object, java.lang.Object, java.lang.Object, java.lang.Object, java.lang.Object, java.lang.Object)'> (0x00000007ffeedb50) 
thrown [s\open\src\hotspot\share\interpreter\linkResolver.cpp, line 804]
Event: 3.079 Thread 0x0000022c16c9e3f0 Exception <a 'java/lang/IncompatibleClassChangeError'{0x00000007ffee1298}: Found class java.lang.Object, but interface was expected> (0x00000007ffee1298) 
thrown [s\open\src\hotspot\share\interpreter\linkResolver.cpp, line 871]
Event: 3.085 Thread 0x0000022c16c9e3f0 Exception <a 'java/lang/NoSuchMethodError'{0x00000007fff62870}: 'java.lang.Object java.lang.invoke.DirectMethodHandle$Holder.newInvokeSpecial(java.lang.Object, java.lang.Object, java.lang.Object, java.lang.Object, java.lang.Object, java.lang.Object, java.lang.Object, int)'> (0x00000007fff62870) 
thrown [s\open\src\hotspot\share\interpreter\linkResolver.cpp, line 804]
Event: 3.086 Thread 0x0000022c16c9e3f0 Exception <a 'java/lang/NoSuchMethodError'{0x00000007fff6be98}: 'java.lang.Object java.lang.invoke.DirectMethodHandle$Holder.invokeSpecial(java.lang.Object, java.lang.Object, java.lang.Object, java.lang.Object, java.lang.Object, java.lang.Object, java.lang.Object, java.lang.Object, int)'> (0x00000007fff6be98) 
thrown [s\open\src\hotspot\share\interpreter\linkResolver.cpp, line 804]
Event: 3.086 Thread 0x0000022c16c9e3f0 Exception <a 'java/lang/NoSuchMethodError'{0x00000007fff74a00}: 'java.lang.Object java.lang.invoke.Invokers$Holder.linkToTargetMethod(java.lang.Object, java.lang.Object, java.lang.Object, java.lang.Object, java.lang.Object, java.lang.Object, int, java.lang.Object)'> (0x00000007fff74a00) 
thrown [s\open\src\hotspot\share\interpreter\linkResolver.cpp, line 804]
Event: 3.175 Thread 0x0000022c16c9e3f0 Exception <a 'java/lang/NoSuchMethodError'{0x000000070faecb18}: 'void java.lang.invoke.Invokers$Holder.invokeExact_MT(java.lang.Object, java.lang.Object, java.lang.Object, java.lang.Object)'> (0x000000070faecb18) 
thrown [s\open\src\hotspot\share\interpreter\linkResolver.cpp, line 804]
Event: 3.186 Thread 0x0000022c16c9e3f0 Implicit null exception at 0x0000022c2974b22c to 0x0000022c2974b540
Event: 3.195 Thread 0x0000022c16c9e3f0 Implicit null exception at 0x0000022c296a5507 to 0x0000022c296a6b9c
Event: 3.200 Thread 0x0000022c16c9e3f0 Exception <a 'java/lang/IncompatibleClassChangeError'{0x000000070f9bc348}: Found class java.lang.Object, but interface was expected> (0x000000070f9bc348) 
thrown [s\open\src\hotspot\share\interpreter\linkResolver.cpp, line 871]
Event: 3.221 Thread 0x0000022c16c9e3f0 Exception <a 'java/lang/IncompatibleClassChangeError'{0x000000070f749b38}: Found class java.lang.Object, but interface was expected> (0x000000070f749b38) 
thrown [s\open\src\hotspot\share\interpreter\linkResolver.cpp, line 871]
Event: 3.321 Thread 0x0000022c16c9e3f0 Exception <a 'java/lang/NoSuchMethodError'{0x000000070646caa0}: 'java.lang.Object java.lang.invoke.DirectMethodHandle$Holder.newInvokeSpecial(java.lang.Object, java.lang.Object, java.lang.Object, java.lang.Object, java.lang.Object, java.lang.Object, java.lang.Object, java.lang.Object, java.lang.Object, java.lang.Object, java.lang.Object)'> (0x000000070646caa0) 
thrown [s\open\src\hotspot\share\interpreter\linkResolver.cpp, line 804]
Event: 3.343 Thread 0x0000022c16c9e3f0 Exception <a 'java/io/IOException'{0x0000000706250420}> (0x0000000706250420) 
thrown [s\open\src\hotspot\share\prims\jni.cpp, line 516]
Event: 3.392 Thread 0x0000022c16c9e3f0 Exception <a 'java/lang/NoSuchMethodError'{0x00000007061adbe8}: 'java.lang.Object java.lang.invoke.DirectMethodHandle$Holder.invokeVirtual(java.lang.Object, java.lang.Object, java.lang.Object, int)'> (0x00000007061adbe8) 
thrown [s\open\src\hotspot\share\interpreter\linkResolver.cpp, line 804]
Event: 3.412 Thread 0x0000022c16c9e3f0 Exception <a 'java/lang/NoSuchMethodError'{0x0000000705faa9d0}: 'java.lang.Object java.lang.invoke.DirectMethodHandle$Holder.invokeVirtual(java.lang.Object, java.lang.Object, int)'> (0x0000000705faa9d0) 
thrown [s\open\src\hotspot\share\interpreter\linkResolver.cpp, line 804]
Event: 3.452 Thread 0x0000022c16c9e3f0 Exception <a 'java/lang/IncompatibleClassChangeError'{0x0000000705aea698}: Found class java.lang.Object, but interface was expected> (0x0000000705aea698) 
thrown [s\open\src\hotspot\share\interpreter\linkResolver.cpp, line 871]
Event: 3.492 Thread 0x0000022c16c9e3f0 Exception <a 'java/lang/NoSuchMethodError'{0x000000070565bfa0}: 'int java.lang.invoke.DirectMethodHandle$Holder.invokeStaticInit(java.lang.Object, java.lang.Object, java.lang.Object, java.lang.Object)'> (0x000000070565bfa0) 
thrown [s\open\src\hotspot\share\interpreter\linkResolver.cpp, line 804]
Event: 3.523 Thread 0x0000022c16c9e3f0 Exception <a 'java/lang/IncompatibleClassChangeError'{0x00000007ffe8c680}: Found class java.lang.Object, but interface was expected> (0x00000007ffe8c680) 
thrown [s\open\src\hotspot\share\interpreter\linkResolver.cpp, line 871]
Event: 3.527 Thread 0x0000022c16c9e3f0 Implicit null exception at 0x0000022c29609925 to 0x0000022c29609a6c
Event: 3.556 Thread 0x0000022c16c9e3f0 Exception <a 'java/lang/NoSuchMethodError'{0x0000000713529b08}: 'java.lang.Object java.lang.invoke.DirectMethodHandle$Holder.newInvokeSpecial(java.lang.Object, java.lang.Object, int, java.lang.Object, java.lang.Object)'> (0x0000000713529b08) 
thrown [s\open\src\hotspot\share\interpreter\linkResolver.cpp, line 804]

VM Operations (20 events):
Event: 3.288 Executing non-safepoint VM operation: HandshakeAllThreads (Deoptimize)
Event: 3.288 Executing non-safepoint VM operation: HandshakeAllThreads (Deoptimize) done
Event: 3.288 Executing non-safepoint VM operation: HandshakeAllThreads (Deoptimize)
Event: 3.288 Executing non-safepoint VM operation: HandshakeAllThreads (Deoptimize) done
Event: 3.436 Executing non-safepoint VM operation: HandshakeAllThreads (Deoptimize)
Event: 3.436 Executing non-safepoint VM operation: HandshakeAllThreads (Deoptimize) done
Event: 3.438 Executing non-safepoint VM operation: HandshakeAllThreads (Deoptimize)
Event: 3.438 Executing non-safepoint VM operation: HandshakeAllThreads (Deoptimize) done
Event: 3.438 Executing non-safepoint VM operation: HandshakeAllThreads (Deoptimize)
Event: 3.438 Executing non-safepoint VM operation: HandshakeAllThreads (Deoptimize) done
Event: 3.458 Executing non-safepoint VM operation: HandshakeAllThreads (Deoptimize)
Event: 3.458 Executing non-safepoint VM operation: HandshakeAllThreads (Deoptimize) done
Event: 3.480 Executing non-safepoint VM operation: HandshakeAllThreads (Deoptimize)
Event: 3.480 Executing non-safepoint VM operation: HandshakeAllThreads (Deoptimize) done
Event: 3.510 Executing safepoint VM operation: G1CollectForAllocation (G1 Evacuation Pause)
Event: 3.514 Executing safepoint VM operation: G1CollectForAllocation (G1 Evacuation Pause) done
Event: 60.180 Executing non-safepoint VM operation: HandshakeAllThreads (HandshakeForDeflation)
Event: 60.180 Executing non-safepoint VM operation: HandshakeAllThreads (HandshakeForDeflation) done
Event: 60.180 Executing non-safepoint VM operation: RendezvousGCThreads
Event: 60.180 Executing non-safepoint VM operation: RendezvousGCThreads done

Memory protections (0 events):
No events

Nmethod flushes (20 events):
Event: 3.073 Thread 0x0000022c35f28ce0 flushing  nmethod 0x0000022c21dcf688
Event: 3.073 Thread 0x0000022c35f28ce0 flushing  nmethod 0x0000022c21e13108
Event: 3.073 Thread 0x0000022c35f28ce0 flushing  nmethod 0x0000022c21e15288
Event: 3.073 Thread 0x0000022c35f28ce0 flushing  nmethod 0x0000022c21e48b08
Event: 3.073 Thread 0x0000022c35f28ce0 flushing  nmethod 0x0000022c21f3d888
Event: 3.073 Thread 0x0000022c35f28ce0 flushing  nmethod 0x0000022c21f46a08
Event: 3.073 Thread 0x0000022c35f28ce0 flushing  nmethod 0x0000022c21f6dd88
Event: 3.073 Thread 0x0000022c35f28ce0 flushing  nmethod 0x0000022c21f6e588
Event: 3.073 Thread 0x0000022c35f28ce0 flushing  nmethod 0x0000022c21f75988
Event: 3.073 Thread 0x0000022c35f28ce0 flushing  nmethod 0x0000022c21fb2d08
Event: 3.073 Thread 0x0000022c35f28ce0 flushing  nmethod 0x0000022c21fb9c08
Event: 3.073 Thread 0x0000022c35f28ce0 flushing  nmethod 0x0000022c21fb9f08
Event: 3.073 Thread 0x0000022c35f28ce0 flushing  nmethod 0x0000022c21fbe688
Event: 3.073 Thread 0x0000022c35f28ce0 flushing  nmethod 0x0000022c21fc2e88
Event: 3.073 Thread 0x0000022c35f28ce0 flushing  nmethod 0x0000022c2203c208
Event: 3.073 Thread 0x0000022c35f28ce0 flushing  nmethod 0x0000022c220ac188
Event: 3.073 Thread 0x0000022c35f28ce0 flushing  nmethod 0x0000022c22112488
Event: 3.073 Thread 0x0000022c35f28ce0 flushing  nmethod 0x0000022c22113908
Event: 3.073 Thread 0x0000022c35f28ce0 flushing  nmethod 0x0000022c22158b08
Event: 3.073 Thread 0x0000022c35f28ce0 flushing  nmethod 0x0000022c2217aa08

Events (20 events):
Event: 1.667 Thread 0x0000022c16c9e3f0 Thread added: 0x0000022c3fecac50
Event: 2.487 Thread 0x0000022c16c9e3f0 Thread added: 0x0000022c3e096450
Event: 2.591 Thread 0x0000022c3e096450 Thread added: 0x0000022c3e093570
Event: 3.561 Thread 0x0000022c16c9e3f0 Thread added: 0x0000022c41147620
Event: 3.561 Thread 0x0000022c16c9e3f0 Thread added: 0x0000022c41147df0
Event: 3.561 Thread 0x0000022c16c9e3f0 Thread added: 0x0000022c4114a500
Event: 3.561 Thread 0x0000022c16c9e3f0 Thread added: 0x0000022c41146e50
Event: 3.561 Thread 0x0000022c16c9e3f0 Thread added: 0x0000022c4114b4a0
Event: 3.561 Thread 0x0000022c16c9e3f0 Thread added: 0x0000022c411485c0
Event: 3.561 Thread 0x0000022c16c9e3f0 Thread added: 0x0000022c4114cc10
Event: 3.561 Thread 0x0000022c16c9e3f0 Thread added: 0x0000022c4114d3e0
Event: 3.561 Thread 0x0000022c16c9e3f0 Thread added: 0x0000022c4120cd10
Event: 3.561 Thread 0x0000022c16c9e3f0 Thread added: 0x0000022c4120a600
Event: 3.571 Thread 0x0000022c16c9e3f0 Thread added: 0x0000022c4120bd70
Event: 3.572 Thread 0x0000022c16c9e3f0 Thread added: 0x0000022c4120e480
Event: 3.582 Thread 0x0000022c16c9e3f0 Thread exited: 0x0000022c16c9e3f0
Event: 3.582 Thread 0x0000022c4120b5a0 Thread added: 0x0000022c4120b5a0
Event: 7.990 Thread 0x0000022c3e093570 Thread exited: 0x0000022c3e093570
Event: 8.674 Thread 0x0000022c38a36a80 Thread exited: 0x0000022c38a36a80
Event: 13.690 Thread 0x0000022c38a37290 Thread exited: 0x0000022c38a37290


Dynamic libraries:
0x00007ff705050000 - 0x00007ff705060000 	C:\Program Files\Java\jdk-25\bin\javaw.exe
0x00007ffecac20000 - 0x00007ffecae87000 	C:\WINDOWS\SYSTEM32\ntdll.dll
0x00007ffec9130000 - 0x00007ffec91f9000 	C:\WINDOWS\System32\KERNEL32.DLL
0x00007ffec8340000 - 0x00007ffec872f000 	C:\WINDOWS\System32\KERNELBASE.dll
0x00007ffec8870000 - 0x00007ffec89bb000 	C:\WINDOWS\System32\ucrtbase.dll
0x00007ffea7600000 - 0x00007ffea7617000 	C:\Program Files\Java\jdk-25\bin\jli.dll
0x00007ffec2010000 - 0x00007ffec202e000 	C:\Program Files\Java\jdk-25\bin\VCRUNTIME140.dll
0x00007ffecaa10000 - 0x00007ffecabd5000 	C:\WINDOWS\System32\USER32.dll
0x00007ffeb5900000 - 0x00007ffeb5b93000 	C:\WINDOWS\WinSxS\amd64_microsoft.windows.common-controls_6595b64144ccf1df_6.0.26100.7309_none_3e05feeae336a044\COMCTL32.dll
0x00007ffec8310000 - 0x00007ffec8337000 	C:\WINDOWS\System32\win32u.dll
0x00007ffec89f0000 - 0x00007ffec8a1b000 	C:\WINDOWS\System32\GDI32.dll
0x00007ffec98b0000 - 0x00007ffec9959000 	C:\WINDOWS\System32\msvcrt.dll
0x00007ffec8740000 - 0x00007ffec886c000 	C:\WINDOWS\System32\gdi32full.dll
0x00007ffec8260000 - 0x00007ffec8303000 	C:\WINDOWS\System32\msvcp_win.dll
0x00007ffeca190000 - 0x00007ffeca1c1000 	C:\WINDOWS\System32\IMM32.DLL
0x00007ffec2c70000 - 0x00007ffec2c7c000 	C:\Program Files\Java\jdk-25\bin\vcruntime140_1.dll
0x00007ffea7570000 - 0x00007ffea75fd000 	C:\Program Files\Java\jdk-25\bin\msvcp140.dll
0x00007ffe6f7c0000 - 0x00007ffe7061f000 	C:\Program Files\Java\jdk-25\bin\server\jvm.dll
0x00007ffeca950000 - 0x00007ffecaa04000 	C:\WINDOWS\System32\ADVAPI32.dll
0x00007ffec9fd0000 - 0x00007ffeca076000 	C:\WINDOWS\System32\sechost.dll
0x00007ffec96a0000 - 0x00007ffec97b8000 	C:\WINDOWS\System32\RPCRT4.dll
0x00007ffec8b10000 - 0x00007ffec8b84000 	C:\WINDOWS\System32\WS2_32.dll
0x00007ffec7bd0000 - 0x00007ffec7c2e000 	C:\WINDOWS\SYSTEM32\POWRPROF.dll
0x00007ffec0630000 - 0x00007ffec0665000 	C:\WINDOWS\SYSTEM32\WINMM.dll
0x00007ffeb6790000 - 0x00007ffeb679b000 	C:\WINDOWS\SYSTEM32\VERSION.dll
0x00007ffec7bb0000 - 0x00007ffec7bc4000 	C:\WINDOWS\SYSTEM32\UMPDC.dll
0x00007ffec6ae0000 - 0x00007ffec6afb000 	C:\WINDOWS\SYSTEM32\kernel.appcore.dll
0x00007ffeb3830000 - 0x00007ffeb383a000 	C:\Program Files\Java\jdk-25\bin\jimage.dll
0x00007ffeb74c0000 - 0x00007ffeb7702000 	C:\WINDOWS\SYSTEM32\DBGHELP.DLL
0x00007ffec8da0000 - 0x00007ffec9125000 	C:\WINDOWS\System32\combase.dll
0x00007ffec97c0000 - 0x00007ffec9896000 	C:\WINDOWS\System32\OLEAUT32.dll
0x00007ffeb45f0000 - 0x00007ffeb462c000 	C:\WINDOWS\SYSTEM32\dbgcore.DLL
0x00007ffec81b0000 - 0x00007ffec8255000 	C:\WINDOWS\System32\bcryptPrimitives.dll
0x00007ffea1b70000 - 0x00007ffea1b8f000 	C:\Program Files\Java\jdk-25\bin\java.dll
0x00007ffec8b90000 - 0x00007ffec8d27000 	C:\WINDOWS\System32\ole32.dll
0x00007ffeca1d0000 - 0x00007ffeca923000 	C:\WINDOWS\System32\SHELL32.dll
0x00007ffec8040000 - 0x00007ffec81aa000 	C:\WINDOWS\System32\wintypes.dll
0x00007ffec5950000 - 0x00007ffec61ae000 	C:\WINDOWS\SYSTEM32\windows.storage.dll
0x00007ffec9370000 - 0x00007ffec9465000 	C:\WINDOWS\System32\SHCORE.dll
0x00007ffec9570000 - 0x00007ffec95d6000 	C:\WINDOWS\System32\shlwapi.dll
0x00007ffec7c90000 - 0x00007ffec7cb9000 	C:\WINDOWS\SYSTEM32\profapi.dll
0x00007ffe9e4f0000 - 0x00007ffe9e502000 	C:\Program Files\Java\jdk-25\bin\net.dll
0x00007ffec7030000 - 0x00007ffec709b000 	C:\WINDOWS\system32\mswsock.dll
0x00007ffe9bbc0000 - 0x00007ffe9bbd6000 	C:\Program Files\Java\jdk-25\bin\nio.dll
0x00007ffe9b930000 - 0x00007ffe9b947000 	C:\Program Files\Java\jdk-25\bin\zip.dll
0x00007ffeb0100000 - 0x00007ffeb010e000 	C:\Program Files\Java\jdk-25\bin\sunmscapi.dll
0x00007ffec7e30000 - 0x00007ffec7fa7000 	C:\WINDOWS\System32\CRYPT32.dll
0x00007ffec7570000 - 0x00007ffec75a0000 	C:\WINDOWS\SYSTEM32\ncrypt.dll
0x00007ffec7520000 - 0x00007ffec755f000 	C:\WINDOWS\SYSTEM32\NTASN1.dll
0x00007ffec7420000 - 0x00007ffec743b000 	C:\WINDOWS\SYSTEM32\CRYPTSP.dll
0x00007ffec6a40000 - 0x00007ffec6a7a000 	C:\WINDOWS\system32\rsaenh.dll
0x00007ffec70e0000 - 0x00007ffec710b000 	C:\WINDOWS\SYSTEM32\USERENV.dll
0x00007ffec7c60000 - 0x00007ffec7c8a000 	C:\WINDOWS\SYSTEM32\bcrypt.dll
0x00007ffec7280000 - 0x00007ffec728c000 	C:\WINDOWS\SYSTEM32\CRYPTBASE.dll
0x00007ffec64d0000 - 0x00007ffec6504000 	C:\WINDOWS\SYSTEM32\IPHLPAPI.DLL
0x00007ffeca930000 - 0x00007ffeca93a000 	C:\WINDOWS\System32\NSI.dll
0x00007ffeae990000 - 0x00007ffeae99a000 	C:\Program Files\Java\jdk-25\bin\management.dll
0x00007ffea7530000 - 0x00007ffea753c000 	C:\Program Files\Java\jdk-25\bin\management_ext.dll
0x00007ffec98a0000 - 0x00007ffec98a8000 	C:\WINDOWS\System32\PSAPI.DLL
0x00007ffec6560000 - 0x00007ffec668c000 	C:\WINDOWS\SYSTEM32\DNSAPI.dll
0x00007ffec2000000 - 0x00007ffec200b000 	C:\Windows\System32\rasadhlp.dll
0x00007ffeba820000 - 0x00007ffeba8a6000 	C:\WINDOWS\System32\fwpuclnt.dll
0x00007ffea72b0000 - 0x00007ffea72b9000 	C:\Program Files\Java\jdk-25\bin\extnet.dll
0x00007ffea21c0000 - 0x00007ffea21c8000 	C:\WINDOWS\system32\wshunix.dll

JVMTI agents: none

dbghelp: loaded successfully - version: 4.0.5 - missing functions: none
symbol engine: initialized successfully - sym options: 0x614 - pdb path: .;C:\Program Files\Java\jdk-25\bin;C:\WINDOWS\SYSTEM32;C:\WINDOWS\WinSxS\amd64_microsoft.windows.common-controls_6595b64144ccf1df_6.0.26100.7309_none_3e05feeae336a044;C:\Program Files\Java\jdk-25\bin\server

VM Arguments:
jvm_args: -Dfile.encoding=UTF-8 -Dstdout.encoding=UTF-8 -Dstderr.encoding=UTF-8 -XX:+ShowCodeDetailsInExceptionMessages 
java_command: restvideogames.restsql.RestsqlApplication
java_class_path (initial): C:\Users\dam2\Documents\Java\restsql\target\classes;C:\Users\dam2\.m2\repository\org\springframework\boot\spring-boot-starter-data-jpa\4.0.0\spring-boot-starter-data-jpa-4.0.0.jar;C:\Users\dam2\.m2\repository\org\springframework\boot\spring-boot-starter\4.0.0\spring-boot-starter-4.0.0.jar;C:\Users\dam2\.m2\repository\org\springframework\boot\spring-boot-starter-logging\4.0.0\spring-boot-starter-logging-4.0.0.jar;C:\Users\dam2\.m2\repository\ch\qos\logback\logback-classic\1.5.21\logback-classic-1.5.21.jar;C:\Users\dam2\.m2\repository\ch\qos\logback\logback-core\1.5.21\logback-core-1.5.21.jar;C:\Users\dam2\.m2\repository\org\apache\logging\log4j\log4j-to-slf4j\2.25.2\log4j-to-slf4j-2.25.2.jar;C:\Users\dam2\.m2\repository\org\apache\logging\log4j\log4j-api\2.25.2\log4j-api-2.25.2.jar;C:\Users\dam2\.m2\repository\org\slf4j\jul-to-slf4j\2.0.17\jul-to-slf4j-2.0.17.jar;C:\Users\dam2\.m2\repository\org\springframework\boot\spring-boot-autoconfigure\4.0.0\spring-boot-autoconfigure-4.0.0.jar;C:\Users\dam2\.m2\repository\jakarta\annotation\jakarta.annotation-api\3.0.0\jakarta.annotation-api-3.0.0.jar;C:\Users\dam2\.m2\repository\org\yaml\snakeyaml\2.5\snakeyaml-2.5.jar;C:\Users\dam2\.m2\repository\org\springframework\boot\spring-boot-starter-jdbc\4.0.0\spring-boot-starter-jdbc-4.0.0.jar;C:\Users\dam2\.m2\repository\com\zaxxer\HikariCP\7.0.2\HikariCP-7.0.2.jar;C:\Users\dam2\.m2\repository\org\slf4j\slf4j-api\2.0.17\slf4j-api-2.0.17.jar;C:\Users\dam2\.m2\repository\org\springframework\boot\spring-boot-data-jpa\4.0.0\spring-boot-data-jpa-4.0.0.jar;C:\Users\dam2\.m2\repository\org\springframework\boot\spring-boot-data-commons\4.0.0\spring-boot-data-commons-4.0.0.jar;C:\Users\dam2\.m2\repository\org\springframework\boot\spring-boot-persistence\4.0.0\spring-boot-persistence-4.0.0.jar;C:\Users\dam2\.m2\repository\org\springframework\data\spring-data-commons\4.0.0\spring-data-commons-4.0.0.jar;C:\Users\dam2\.m2\repository\org\springframework\boot\spring-boot-hibernate\4.0.0\spring-boot-hibernate-4.0.0.jar;C:\Users\dam2\.m2\repository\org\springframework\boot\spring-boot-jpa\4.0.0\spring-boot-jpa-4.0.0.jar;C:\Users\dam2\.m2\repository\jakarta\persistence\jakarta.persistence-api\3.2.0\jakarta.persistence-api-3.2.0.jar;C:\Users\dam2\.m2\repository\org\hibernate\orm\hibernate-core\7.1.8.Final\hibernate-core-7.1.8.Final.jar;C:\Users\dam2\.m2\repository\jakarta\transaction\jakarta.transaction-api\2.0.1\jakarta.transaction-api-2.0.1.jar;C:\Users\dam2\.m2\repository\org\jboss\logging\jboss-logging\3.6.1.Final\jboss-logging-3.6.1.Final.jar;C:\Users\dam2\.m2\repository\org\hibernate\models\hibernate-models\1.0.1\hibernate-models-1.0.1.jar;C:\Users\dam2\.m2\repository\com\fasterxml\classmate\1.7.1\classmate-1.7.1.jar;C:\Users\dam2\.m2\repository\org\glassfish\jaxb\jaxb-runtime\4.0.6\jaxb-runtime-4.0.6.jar;C:\Users\dam2\.m2\repository\org\glassfish\jaxb\jaxb-core\4.0.6\jaxb-core-4.0.6.jar;C:\Users\dam2\.m2\repository\org\eclipse\angus\angus-activation\2.0.3\angus-activation-2.0.3.jar;C:\Users\dam2\.m2\repository\org\glassfish\jaxb\txw2\4.0.6\txw2-4.0.6.jar;C:\Users\dam2\.m2\repository\com\sun\istack\istack-commons-runtime\4.1.2\istack-commons-runtime-4.1.2.jar;C:\Users\dam2\.m2\repository\jakarta\inject\jakarta.inject-api\2.0.1\jakarta.inject-api-2.0.1.jar;C:\Users\dam2\.m2\repository\org\springframework\spring-orm\7.0.1\spring-orm-7.0.1.jar;C:\Users\dam2\.m2\repository\org\springframework\data\spring-data-jpa\4.0.0\spring-data-jpa-4.0.0.jar;C:\Users\dam2\.m2\repository\org\springframework\spring-context\7.0.1\spring-context-7.0.1.jar;C:\Users\dam2\.m2\repository\org\springframework\spring-aop\7.0.1\spring-aop-7.0.1.jar;C:\Users\dam2\.m2\repository\org\springframework\spring-tx\7.0.1\spring-tx-7.0.1.jar;C:\Users\dam2\.m2\repository\org\springframework\spring-beans\7.0.1\spring-beans-7.0.1.jar;C:\Users\dam2\.m2\repository\org\antlr\antlr4-runtime\4.13.2\antlr4-runtime-4.13.2.jar;C:\Users\dam2\.m2\repository\org\springframework\spring-aspects\7.0.1\spring-aspects-7.0.1.jar;C:\Users\dam2\.m2\repository\org\aspectj\aspectjweaver\1.9.25\aspectjweaver-1.9.25.jar;C:\Users\dam2\.m2\repository\org\springframework\boot\spring-boot-jdbc\4.0.0\spring-boot-jdbc-4.0.0.jar;C:\Users\dam2\.m2\repository\org\springframework\boot\spring-boot\4.0.0\spring-boot-4.0.0.jar;C:\Users\dam2\.m2\repository\org\springframework\boot\spring-boot-sql\4.0.0\spring-boot-sql-4.0.0.jar;C:\Users\dam2\.m2\repository\org\springframework\boot\spring-boot-transaction\4.0.0\spring-boot-transaction-4.0.0.jar;C:\Users\dam2\.m2\repository\org\springframework\spring-jdbc\7.0.1\spring-jdbc-7.0.1.jar;C:\Users\dam2\.m2\repository\org\springframework\boot\spring-boot-starter-webmvc\4.0.0\spring-boot-starter-webmvc-4.0.0.jar;C:\Users\dam2\.m2\repository\org\springframework\boot\spring-boot-starter-jackson\4.0.0\spring-boot-starter-jackson-4.0.0.jar;C:\Users\dam2\.m2\repository\org\springframework\boot\spring-boot-jackson\4.0.0\spring-boot-jackson-4.0.0.jar;C:\Users\dam2\.m2\repository\tools\jackson\core\jackson-databind\3.0.2\jackson-databind-3.0.2.jar;C:\Users\dam2\.m2\repository\com\fasterxml\jackson\core\jackson-annotations\2.20\jackson-annotations-2.20.jar;C:\Users\dam2\.m2\repository\tools\jackson\core\jackson-core\3.0.2\jackson-core-3.0.2.jar;C:\Users\dam2\.m2\repository\org\springframework\boot\spring-boot-starter-tomcat\4.0.0\spring-boot-starter-tomcat-4.0.0.jar;C:\Users\dam2\.m2\repository\org\springframework\boot\spring-boot-starter-tomcat-runtime\4.0.0\spring-boot-starter-tomcat-runtime-4.0.0.jar;C:\Users\dam2\.m2\repository\org\apache\tomcat\embed\tomcat-embed-core\11.0.14\tomcat-embed-core-11.0.14.jar;C:\Users\dam2\.m2\repository\org\apache\tomcat\embed\tomcat-embed-el\11.0.14\tomcat-embed-el-11.0.14.jar;C:\Users\dam2\.m2\repository\org\apache\tomcat\embed\tomcat-embed-websocket\11.0.14\tomcat-embed-websocket-11.0.14.jar;C:\Users\dam2\.m2\repository\org\springframework\boot\spring-boot-tomcat\4.0.0\spring-boot-tomcat-4.0.0.jar;C:\Users\dam2\.m2\repository\org\springframework\boot\spring-boot-http-converter\4.0.0\spring-boot-http-converter-4.0.0.jar;C:\Users\dam2\.m2\repository\org\springframework\spring-web\7.0.1\spring-web-7.0.1.jar;C:\Users\dam2\.m2\repository\io\micrometer\micrometer-observation\1.16.0\micrometer-observation-1.16.0.jar;C:\Users\dam2\.m2\repository\io\micrometer\micrometer-commons\1.16.0\micrometer-commons-1.16.0.jar;C:\Users\dam2\.m2\repository\org\springframework\boot\spring-boot-webmvc\4.0.0\spring-boot-webmvc-4.0.0.jar;C:\Users\dam2\.m2\repository\org\springframework\boot\spring-boot-servlet\4.0.0\spring-boot-servlet-4.0.0.jar;C:\Users\dam2\.m2\repository\org\springframework\spring-webmvc\7.0.1\spring-webmvc-7.0.1.jar;C:\Users\dam2\.m2\repository\org\springframework\spring-expression\7.0.1\spring-expression-7.0.1.jar;C:\Users\dam2\.m2\repository\com\mysql\mysql-connector-j\9.5.0\mysql-connector-j-9.5.0.jar;C:\Users\dam2\.m2\repository\jakarta\xml\bind\jakarta.xml.bind-api\4.0.4\jakarta.xml.bind-api-4.0.4.jar;C:\Users\dam2\.m2\repository\jakarta\activation\jakarta.activation-api\2.1.4\jakarta.activation-api-2.1.4.jar;C:\Users\dam2\.m2\repository\net\bytebuddy\byte-buddy\1.17.8\byte-buddy-1.17.8.jar;C:\Users\dam2\.m2\repository\org\springframework\spring-core\7.0.1\spring-core-7.0.1.jar;C:\Users\dam2\.m2\repository\commons-logging\commons-logging\1.3.5\commons-logging-1.3.5.jar;C:\Users\dam2\.m2\repository\org\jspecify\jspecify\1.0.0\jspecify-1.0.0.jar;C:\Users\dam2\.m2\repository\org\springframework\boot\spring-boot-web-server\4.0.0\spring-boot-web-server-4.0.0.jar
Launcher Type: SUN_STANDARD

[Global flags]
     intx CICompilerCount                          = 4                                         {product} {ergonomic}
     uint ConcGCThreads                            = 3                                         {product} {ergonomic}
     uint G1ConcRefinementThreads                  = 10                                        {product} {ergonomic}
   size_t G1HeapRegionSize                         = 2097152                                   {product} {ergonomic}
   size_t InitialHeapSize                          = 266338304                                 {product} {ergonomic}
   size_t MarkStackSize                            = 4194304                                   {product} {ergonomic}
   size_t MarkStackSizeMax                         = 536870912                                 {product} {ergonomic}
   size_t MaxHeapSize                              = 4236247040                                {product} {ergonomic}
   size_t MaxNewSize                               = 2541748224                                {product} {ergonomic}
   size_t MinHeapDeltaBytes                        = 2097152                                   {product} {ergonomic}
   size_t MinHeapSize                              = 8388608                                   {product} {ergonomic}
    uintx NonNMethodCodeHeapSize                   = 5832704                                {pd product} {ergonomic}
    uintx NonProfiledCodeHeapSize                  = 122945536                              {pd product} {ergonomic}
    uintx ProfiledCodeHeapSize                     = 122880000                              {pd product} {ergonomic}
    uintx ReservedCodeCacheSize                    = 251658240                              {pd product} {ergonomic}
     bool SegmentedCodeCache                       = true                                      {product} {ergonomic}
     bool ShowCodeDetailsInExceptionMessages       = true                                   {manageable} {command line}
   size_t SoftMaxHeapSize                          = 4236247040                             {manageable} {ergonomic}
     bool UseCompressedOops                        = true                           {product lp64_product} {ergonomic}
     bool UseG1GC                                  = true                                      {product} {ergonomic}
     bool UseLargePagesIndividualAllocation        = false                                  {pd product} {ergonomic}

Logging:
Log output configuration:
 #0: stdout all=warning uptime,level,tags foldmultilines=false
 #1: stderr all=off uptime,level,tags foldmultilines=false

Release file:
IMPLEMENTOR="Oracle Corporation" 
JAVA_RUNTIME_VERSION="25+37-LTS-3491" 
JAVA_VERSION="25" 
JAVA_VERSION_DATE="2025-09-16" 
LIBC="default" 
MODULES="java.base java.compiler java.datatransfer java.xml java.prefs java.desktop java.instrument java.logging java.management java.security.sasl java.naming java.rmi java.management.rmi java.net.http java.scripting java.security.jgss java.transaction.xa java.sql java.sql.rowset java.xml.crypto java.se java.smartcardio jdk.accessibility jdk.internal.jvmstat jdk.attach jdk.charsets jdk.internal.opt jdk.zipfs jdk.compiler jdk.crypto.cryptoki jdk.crypto.ec jdk.crypto.mscapi jdk.dynalink jdk.internal.ed jdk.editpad jdk.internal.vm.ci jdk.graal.compiler jdk.graal.compiler.management jdk.hotspot.agent jdk.httpserver jdk.incubator.vector jdk.internal.le jdk.internal.md jdk.jartool jdk.javadoc jdk.jcmd jdk.management jdk.management.agent jdk.jconsole jdk.jdeps jdk.jdwp.agent jdk.jdi jdk.jfr jdk.jlink jdk.jpackage jdk.jshell jdk.jsobject jdk.jstatd jdk.localedata jdk.management.jfr jdk.naming.dns jdk.naming.rmi jdk.net jdk.nio.mapmode jdk.sctp jdk.security.auth jdk.security.jgss jdk.unsupported jdk.unsupported.desktop jdk.xml.dom" 
OS_ARCH="x86_64" 
OS_NAME="Windows" 
SOURCE=".:git:49d6a23b8806 open:git:6c48f4ed707b" 

Environment Variables:
PATH=C:/Users/dam2/Documents/eclipse//plugins/org.eclipse.justj.openjdk.hotspot.jre.full.win32.x86_64_21.0.9.v20251105-0741/jre/bin/server;C:/Users/dam2/Documents/eclipse//plugins/org.eclipse.justj.openjdk.hotspot.jre.full.win32.x86_64_21.0.9.v20251105-0741/jre/bin;C:\Python313\Scripts\;C:\Python313\;C:\Program Files\Common Files\Oracle\Java\javapath;C:\WINDOWS\system32;C:\WINDOWS;C:\WINDOWS\System32\Wbem;C:\WINDOWS\System32\WindowsPowerShell\v1.0\;C:\WINDOWS\System32\OpenSSH\;C:\Program Files\Git\cmd;C:\ProgramData\chocolatey\bin;C:\Program Files\PuTTY\;C:\sqlite;C:\Users\dam2\AppData\Local\nvm;C:\nvm4w\nodejs;C:\msys64\ucrt64\bin;C:\Program Files\MySQL\MySQL Shell 8.0\bin\;C:\Users\dam2\AppData\Local\Programs\Python\Launcher\;C:\Users\dam2\AppData\Local\Microsoft\WindowsApps;C:\Users\dam2\AppData\Local\Programs\Python\Python312;C:\Users\dam2\Documents\flutter\bin;C:\Users\dam2\AppData\Roaming\npm;C:\Users\dam2\AppData\Local\nvm;C:\nvm4w\nodejs;C:\Program Files (x86)\Nmap;C:\Users\dam2\AppData\Local\Programs\Microsoft VS Code\bin;C:\Users\dam2\Documents\flutter\flutter\bin;;C:\Users\dam2\Documents\eclipse;
USERNAME=dam2
OS=Windows_NT
PROCESSOR_IDENTIFIER=Intel64 Family 6 Model 151 Stepping 2, GenuineIntel
TMP=C:\Users\dam2\AppData\Local\Temp
TEMP=C:\Users\dam2\AppData\Local\Temp




Compilation memory statistics disabled.

Periodic native trim disabled

---------------  S Y S T E M  ---------------

OS:
 Windows 11 , 64 bit Build 26100 (10.0.26100.7309)
OS uptime: 0 days 4:58 hours
Hyper-V role detected

CPU: total 12 (initial active 12) (6 cores per cpu, 2 threads per core) family 6 model 151 stepping 2 microcode 0x2c, cx8, cmov, fxsr, ht, mmx, 3dnowpref, sse, sse2, sse3, ssse3, sse4.1, sse4.2, popcnt, lzcnt, tsc, tscinvbit, avx, avx2, aes, erms, clmul, bmi1, bmi2, adx, sha, fma, vzeroupper, clflush, clflushopt, clwb, hv, serialize, rdtscp, rdpid, fsrm, gfni, f16c, cet_ibt, cet_ss
Processor Information for the first 12 processors :
  Max Mhz: 2500, Current Mhz: 2500, Mhz Limit: 2500

Memory: 4k page, system-wide physical 16154M (1213M free)
TotalPageFile size 65306M (AvailPageFile size 0M)
current process WorkingSet (physical memory assigned to process): 236M, peak: 277M
current process commit charge ("private bytes"): 286M, peak: 435M

vm_info: Java HotSpot(TM) 64-Bit Server VM (25+37-LTS-3491) for windows-amd64 JRE (25+37-LTS-3491), built on 2025-08-14T21:13:00Z with unknown MS VC++:1943

END.
